13:00:13 INFO  : Processing command line option -hwspec C:/Users/yli/Desktop/hdr_complete_final_test/test/temp/ddr_dma_v2.sdk/ddr_dma_v2_wrapper.hdf.
13:00:19 INFO  : Launching XSDB server: xsdb.bat -s C:/Xilinx/SDK/2015.1/scripts/xsdb/xsdb/xsdb-server.tcl 2450
13:00:20 INFO  : XSDB server has started successfully.
13:04:29 INFO  : Connected to target on host '127.0.0.1' and port '3121'.
13:04:29 INFO  : 'targets -set -filter {jtag_cable_name =~ "Digilent Nexys4DDR 210292646052A" && level==0} -index 0' command is executed.
13:04:32 INFO  : FPGA configured successfully with bitstream "C:/Users/yli/Desktop/hdr_complete_final_test/test/temp/ddr_dma_v2.sdk/ddr_dma_v2_wrapper_hw_platform_0/download.bit"
13:04:57 INFO  : Processor reset is completed for microblaze_0
13:07:27 ERROR : Unexpected error while parsing XMD response ?: com.google.gson.JsonSyntaxException: com.google.gson.stream.MalformedJsonException: invalid number or unquoted string near 
13:07:52 INFO  : Processing command line option -hwspec C:/Users/yli/Desktop/hdr_complete_final_test/test/temp/ddr_dma_v2.sdk/ddr_dma_v2_wrapper.hdf.
13:07:53 INFO  : Checking for hwspec changes in the project ddr_dma_v2_wrapper_hw_platform_0.
13:07:54 INFO  : Launching XSDB server: xsdb.bat -s C:/Xilinx/SDK/2015.1/scripts/xsdb/xsdb/xsdb-server.tcl 2450
13:07:55 INFO  : XSDB server has started successfully.
13:12:27 INFO  : Processor reset is completed for microblaze_0
13:14:30 INFO  : Processor reset is completed for microblaze_0
13:15:38 INFO  : Connected to target on host '127.0.0.1' and port '3121'.
13:15:39 INFO  : 'targets -set -filter {jtag_cable_name =~ "Digilent Nexys4DDR 210292646052A" && level==0} -index 0' command is executed.
13:15:42 INFO  : FPGA configured successfully with bitstream "C:/Users/yli/Desktop/hdr_complete_final_test/test/temp/ddr_dma_v2.sdk/ddr_dma_v2_wrapper_hw_platform_0/download.bit"
13:15:54 INFO  : Processor reset is completed for microblaze_0
13:21:17 INFO  : Connected to target on host '127.0.0.1' and port '3121'.
13:21:17 INFO  : 'targets -set -filter {jtag_cable_name =~ "Digilent Nexys4DDR 210292646052A" && level==0} -index 0' command is executed.
13:21:20 INFO  : FPGA configured successfully with bitstream "C:/Users/yli/Desktop/hdr_complete_final_test/test/temp/ddr_dma_v2.sdk/ddr_dma_v2_wrapper_hw_platform_0/download.bit"
13:21:27 INFO  : Processor reset is completed for microblaze_0
13:49:11 INFO  : Processor reset is completed for microblaze_0
14:56:06 INFO  : Connected to target on host '127.0.0.1' and port '3121'.
14:56:06 INFO  : 'targets -set -filter {jtag_cable_name =~ "Digilent Nexys4DDR 210292646052A" && level==0} -index 0' command is executed.
14:56:08 INFO  : FPGA configured successfully with bitstream "C:/Users/yli/Desktop/hdr_complete_final_test/test/temp/ddr_dma_v2.sdk/ddr_dma_v2_wrapper_hw_platform_0/download.bit"
14:56:17 INFO  : Processor reset is completed for microblaze_0
15:24:18 ERROR : Unexpected error while parsing XMD response ?: com.google.gson.JsonSyntaxException: com.google.gson.stream.MalformedJsonException: invalid number or unquoted string near 
