INFO: [Common 17-701] A license check has taken more than 10 seconds to complete. This may indicate that there is a performance issue with one or more license servers listed in XILINXD_LICENSE_FILE or LM_LICENSE_FILE, or that the license servers are just not responding at all. Try setting the FLEXLM_DIAGNOSTICS environment variable to 3 and running Vivado again to get more information.
#-----------------------------------------------------------
# Vivado v2015.1 (64-bit)
# SW Build 1215546 on Mon Apr 27 19:22:08 MDT 2015
# IP Build 1209967 on Tue Apr 21 11:39:20 MDT 2015
# Start of session at: Wed Mar 30 00:07:21 2016
# Process ID: 6612
# Log file: C:/Users/yli/Desktop/hdr_ip/managed_ip_project/managed_ip_project.tmp/hdr_ip_v1_0/vivado.log
# Journal file: C:/Users/yli/Desktop/hdr_ip/managed_ip_project/managed_ip_project.tmp/hdr_ip_v1_0\vivado.jou
#-----------------------------------------------------------
start_gui
open_project C:/Users/yli/Desktop/hdr_ip/managed_ip_project/managed_ip_project.tmp/hdr_ip_v1_0/hdr_ip_v1_0.xpr
INFO: [ProjectBase 1-489] The host OS only allows 260 characters in a normal path. The project is stored in a path with more than 80 characters. If you experience issues with IP, Block Designs, or files not being found, please consider moving the project to a location with a shorter path. Alternately consider using the OS subst command to map part of the path to a drive letter.
Current project path is 'C:/Users/yli/Desktop/hdr_ip/managed_ip_project/managed_ip_project.tmp/hdr_ip_v1_0'
Scanning sources...
Finished scanning sources
INFO: [IP_Flow 19-234] Refreshing IP repositories
INFO: [IP_Flow 19-1700] Loaded user IP repository 'c:/Users/yli/Desktop/hdr_ip/ip_repo/hdr_ip_1.0'.
INFO: [IP_Flow 19-2313] Loaded Vivado IP repository 'C:/Xilinx/Vivado/2015.1/data/ip'.
exit
INFO: [Common 17-206] Exiting Vivado at Wed Mar 30 00:09:07 2016...
