INFO: [VRFC 10-2263] Analyzing Verilog file "c:/users/yli/desktop/hdr_ip/managed_ip_project/managed_ip_project.tmp/hdr_ip_v1_0_v1_0_project/hdr_ip_v1_0_v1_0_project.sim/sim_1/synth/timing/tb_time_synth.v" into library xil_defaultlib
INFO: [VRFC 10-311] analyzing module RAM128X1S_UNIQ_BASE_
INFO: [VRFC 10-311] analyzing module RAM128X1S_HD215
INFO: [VRFC 10-311] analyzing module RAM128X1S_HD216
INFO: [VRFC 10-311] analyzing module RAM128X1S_HD217
INFO: [VRFC 10-311] analyzing module RAM128X1S_HD218
INFO: [VRFC 10-311] analyzing module RAM128X1S_HD219
INFO: [VRFC 10-311] analyzing module RAM128X1S_HD220
INFO: [VRFC 10-311] analyzing module RAM128X1S_HD221
INFO: [VRFC 10-311] analyzing module RAM128X1S_HD237
INFO: [VRFC 10-311] analyzing module RAM128X1S_HD238
INFO: [VRFC 10-311] analyzing module RAM128X1S_HD239
INFO: [VRFC 10-311] analyzing module RAM128X1S_HD240
INFO: [VRFC 10-311] analyzing module RAM128X1S_HD241
INFO: [VRFC 10-311] analyzing module RAM128X1S_HD242
INFO: [VRFC 10-311] analyzing module RAM128X1S_HD243
INFO: [VRFC 10-311] analyzing module RAM128X1S_HD244
INFO: [VRFC 10-311] analyzing module RAM128X1S_HD261
INFO: [VRFC 10-311] analyzing module RAM128X1S_HD262
INFO: [VRFC 10-311] analyzing module RAM128X1S_HD263
INFO: [VRFC 10-311] analyzing module RAM128X1S_HD264
INFO: [VRFC 10-311] analyzing module RAM128X1S_HD265
INFO: [VRFC 10-311] analyzing module RAM128X1S_HD266
INFO: [VRFC 10-311] analyzing module RAM128X1S_HD267
INFO: [VRFC 10-311] analyzing module RAM128X1S_HD268
INFO: [VRFC 10-311] analyzing module RAM128X1S_HD285
INFO: [VRFC 10-311] analyzing module RAM128X1S_HD286
INFO: [VRFC 10-311] analyzing module RAM128X1S_HD287
INFO: [VRFC 10-311] analyzing module RAM128X1S_HD288
INFO: [VRFC 10-311] analyzing module RAM128X1S_HD289
INFO: [VRFC 10-311] analyzing module RAM128X1S_HD290
INFO: [VRFC 10-311] analyzing module RAM128X1S_HD291
INFO: [VRFC 10-311] analyzing module RAM128X1S_HD292
INFO: [VRFC 10-311] analyzing module RAM128X1S_HD309
INFO: [VRFC 10-311] analyzing module RAM128X1S_HD310
INFO: [VRFC 10-311] analyzing module RAM128X1S_HD311
INFO: [VRFC 10-311] analyzing module RAM128X1S_HD312
INFO: [VRFC 10-311] analyzing module RAM128X1S_HD313
INFO: [VRFC 10-311] analyzing module RAM128X1S_HD314
INFO: [VRFC 10-311] analyzing module RAM128X1S_HD315
INFO: [VRFC 10-311] analyzing module RAM128X1S_HD316
INFO: [VRFC 10-311] analyzing module RAM128X1S_HD333
INFO: [VRFC 10-311] analyzing module RAM128X1S_HD334
INFO: [VRFC 10-311] analyzing module RAM128X1S_HD335
INFO: [VRFC 10-311] analyzing module RAM128X1S_HD336
INFO: [VRFC 10-311] analyzing module RAM128X1S_HD337
INFO: [VRFC 10-311] analyzing module RAM128X1S_HD338
INFO: [VRFC 10-311] analyzing module RAM128X1S_HD339
INFO: [VRFC 10-311] analyzing module RAM128X1S_HD340
INFO: [VRFC 10-311] analyzing module RAM128X1S_HD357
INFO: [VRFC 10-311] analyzing module RAM128X1S_HD358
INFO: [VRFC 10-311] analyzing module RAM128X1S_HD359
INFO: [VRFC 10-311] analyzing module RAM128X1S_HD360
INFO: [VRFC 10-311] analyzing module RAM128X1S_HD361
INFO: [VRFC 10-311] analyzing module RAM128X1S_HD362
INFO: [VRFC 10-311] analyzing module RAM128X1S_HD363
INFO: [VRFC 10-311] analyzing module RAM128X1S_HD364
INFO: [VRFC 10-311] analyzing module RAM128X1S_HD381
INFO: [VRFC 10-311] analyzing module RAM128X1S_HD382
INFO: [VRFC 10-311] analyzing module RAM128X1S_HD383
INFO: [VRFC 10-311] analyzing module RAM128X1S_HD384
INFO: [VRFC 10-311] analyzing module RAM128X1S_HD385
INFO: [VRFC 10-311] analyzing module RAM128X1S_HD386
INFO: [VRFC 10-311] analyzing module RAM128X1S_HD387
INFO: [VRFC 10-311] analyzing module RAM128X1S_HD388
INFO: [VRFC 10-311] analyzing module RAM128X1S_HD405
INFO: [VRFC 10-311] analyzing module RAM128X1S_HD406
INFO: [VRFC 10-311] analyzing module RAM128X1S_HD407
INFO: [VRFC 10-311] analyzing module RAM128X1S_HD408
INFO: [VRFC 10-311] analyzing module RAM128X1S_HD409
INFO: [VRFC 10-311] analyzing module RAM128X1S_HD410
INFO: [VRFC 10-311] analyzing module RAM128X1S_HD411
INFO: [VRFC 10-311] analyzing module RAM128X1S_HD412
INFO: [VRFC 10-311] analyzing module RAM256X1S_UNIQ_BASE_
INFO: [VRFC 10-311] analyzing module RAM256X1S_HD222
INFO: [VRFC 10-311] analyzing module RAM256X1S_HD223
INFO: [VRFC 10-311] analyzing module RAM256X1S_HD224
INFO: [VRFC 10-311] analyzing module RAM256X1S_HD225
INFO: [VRFC 10-311] analyzing module RAM256X1S_HD226
INFO: [VRFC 10-311] analyzing module RAM256X1S_HD227
INFO: [VRFC 10-311] analyzing module RAM256X1S_HD228
INFO: [VRFC 10-311] analyzing module RAM256X1S_HD229
INFO: [VRFC 10-311] analyzing module RAM256X1S_HD230
INFO: [VRFC 10-311] analyzing module RAM256X1S_HD231
INFO: [VRFC 10-311] analyzing module RAM256X1S_HD232
INFO: [VRFC 10-311] analyzing module RAM256X1S_HD233
INFO: [VRFC 10-311] analyzing module RAM256X1S_HD234
INFO: [VRFC 10-311] analyzing module RAM256X1S_HD235
INFO: [VRFC 10-311] analyzing module RAM256X1S_HD236
INFO: [VRFC 10-311] analyzing module RAM256X1S_HD245
INFO: [VRFC 10-311] analyzing module RAM256X1S_HD246
INFO: [VRFC 10-311] analyzing module RAM256X1S_HD247
INFO: [VRFC 10-311] analyzing module RAM256X1S_HD248
INFO: [VRFC 10-311] analyzing module RAM256X1S_HD249
INFO: [VRFC 10-311] analyzing module RAM256X1S_HD250
INFO: [VRFC 10-311] analyzing module RAM256X1S_HD251
INFO: [VRFC 10-311] analyzing module RAM256X1S_HD252
INFO: [VRFC 10-311] analyzing module RAM256X1S_HD253
INFO: [VRFC 10-311] analyzing module RAM256X1S_HD254
INFO: [VRFC 10-311] analyzing module RAM256X1S_HD255
INFO: [VRFC 10-311] analyzing module RAM256X1S_HD256
INFO: [VRFC 10-311] analyzing module RAM256X1S_HD257
INFO: [VRFC 10-311] analyzing module RAM256X1S_HD258
INFO: [VRFC 10-311] analyzing module RAM256X1S_HD259
INFO: [VRFC 10-311] analyzing module RAM256X1S_HD260
INFO: [VRFC 10-311] analyzing module RAM256X1S_HD269
INFO: [VRFC 10-311] analyzing module RAM256X1S_HD270
INFO: [VRFC 10-311] analyzing module RAM256X1S_HD271
INFO: [VRFC 10-311] analyzing module RAM256X1S_HD272
INFO: [VRFC 10-311] analyzing module RAM256X1S_HD273
INFO: [VRFC 10-311] analyzing module RAM256X1S_HD274
INFO: [VRFC 10-311] analyzing module RAM256X1S_HD275
INFO: [VRFC 10-311] analyzing module RAM256X1S_HD276
INFO: [VRFC 10-311] analyzing module RAM256X1S_HD277
INFO: [VRFC 10-311] analyzing module RAM256X1S_HD278
INFO: [VRFC 10-311] analyzing module RAM256X1S_HD279
INFO: [VRFC 10-311] analyzing module RAM256X1S_HD280
INFO: [VRFC 10-311] analyzing module RAM256X1S_HD281
INFO: [VRFC 10-311] analyzing module RAM256X1S_HD282
INFO: [VRFC 10-311] analyzing module RAM256X1S_HD283
INFO: [VRFC 10-311] analyzing module RAM256X1S_HD284
INFO: [VRFC 10-311] analyzing module RAM256X1S_HD293
INFO: [VRFC 10-311] analyzing module RAM256X1S_HD294
INFO: [VRFC 10-311] analyzing module RAM256X1S_HD295
INFO: [VRFC 10-311] analyzing module RAM256X1S_HD296
INFO: [VRFC 10-311] analyzing module RAM256X1S_HD297
INFO: [VRFC 10-311] analyzing module RAM256X1S_HD298
INFO: [VRFC 10-311] analyzing module RAM256X1S_HD299
INFO: [VRFC 10-311] analyzing module RAM256X1S_HD300
INFO: [VRFC 10-311] analyzing module RAM256X1S_HD301
INFO: [VRFC 10-311] analyzing module RAM256X1S_HD302
INFO: [VRFC 10-311] analyzing module RAM256X1S_HD303
INFO: [VRFC 10-311] analyzing module RAM256X1S_HD304
INFO: [VRFC 10-311] analyzing module RAM256X1S_HD305
INFO: [VRFC 10-311] analyzing module RAM256X1S_HD306
INFO: [VRFC 10-311] analyzing module RAM256X1S_HD307
INFO: [VRFC 10-311] analyzing module RAM256X1S_HD308
INFO: [VRFC 10-311] analyzing module RAM256X1S_HD317
INFO: [VRFC 10-311] analyzing module RAM256X1S_HD318
INFO: [VRFC 10-311] analyzing module RAM256X1S_HD319
INFO: [VRFC 10-311] analyzing module RAM256X1S_HD320
INFO: [VRFC 10-311] analyzing module RAM256X1S_HD321
INFO: [VRFC 10-311] analyzing module RAM256X1S_HD322
INFO: [VRFC 10-311] analyzing module RAM256X1S_HD323
INFO: [VRFC 10-311] analyzing module RAM256X1S_HD324
INFO: [VRFC 10-311] analyzing module RAM256X1S_HD325
INFO: [VRFC 10-311] analyzing module RAM256X1S_HD326
INFO: [VRFC 10-311] analyzing module RAM256X1S_HD327
INFO: [VRFC 10-311] analyzing module RAM256X1S_HD328
INFO: [VRFC 10-311] analyzing module RAM256X1S_HD329
INFO: [VRFC 10-311] analyzing module RAM256X1S_HD330
INFO: [VRFC 10-311] analyzing module RAM256X1S_HD331
INFO: [VRFC 10-311] analyzing module RAM256X1S_HD332
INFO: [VRFC 10-311] analyzing module RAM256X1S_HD341
INFO: [VRFC 10-311] analyzing module RAM256X1S_HD342
INFO: [VRFC 10-311] analyzing module RAM256X1S_HD343
INFO: [VRFC 10-311] analyzing module RAM256X1S_HD344
INFO: [VRFC 10-311] analyzing module RAM256X1S_HD345
INFO: [VRFC 10-311] analyzing module RAM256X1S_HD346
INFO: [VRFC 10-311] analyzing module RAM256X1S_HD347
INFO: [VRFC 10-311] analyzing module RAM256X1S_HD348
INFO: [VRFC 10-311] analyzing module RAM256X1S_HD349
INFO: [VRFC 10-311] analyzing module RAM256X1S_HD350
INFO: [VRFC 10-311] analyzing module RAM256X1S_HD351
INFO: [VRFC 10-311] analyzing module RAM256X1S_HD352
INFO: [VRFC 10-311] analyzing module RAM256X1S_HD353
INFO: [VRFC 10-311] analyzing module RAM256X1S_HD354
INFO: [VRFC 10-311] analyzing module RAM256X1S_HD355
INFO: [VRFC 10-311] analyzing module RAM256X1S_HD356
INFO: [VRFC 10-311] analyzing module RAM256X1S_HD365
INFO: [VRFC 10-311] analyzing module RAM256X1S_HD366
INFO: [VRFC 10-311] analyzing module RAM256X1S_HD367
INFO: [VRFC 10-311] analyzing module RAM256X1S_HD368
INFO: [VRFC 10-311] analyzing module RAM256X1S_HD369
INFO: [VRFC 10-311] analyzing module RAM256X1S_HD370
INFO: [VRFC 10-311] analyzing module RAM256X1S_HD371
INFO: [VRFC 10-311] analyzing module RAM256X1S_HD372
INFO: [VRFC 10-311] analyzing module RAM256X1S_HD373
INFO: [VRFC 10-311] analyzing module RAM256X1S_HD374
INFO: [VRFC 10-311] analyzing module RAM256X1S_HD375
INFO: [VRFC 10-311] analyzing module RAM256X1S_HD376
INFO: [VRFC 10-311] analyzing module RAM256X1S_HD377
INFO: [VRFC 10-311] analyzing module RAM256X1S_HD378
INFO: [VRFC 10-311] analyzing module RAM256X1S_HD379
INFO: [VRFC 10-311] analyzing module RAM256X1S_HD380
INFO: [VRFC 10-311] analyzing module RAM256X1S_HD389
INFO: [VRFC 10-311] analyzing module RAM256X1S_HD390
INFO: [VRFC 10-311] analyzing module RAM256X1S_HD391
INFO: [VRFC 10-311] analyzing module RAM256X1S_HD392
INFO: [VRFC 10-311] analyzing module RAM256X1S_HD393
INFO: [VRFC 10-311] analyzing module RAM256X1S_HD394
INFO: [VRFC 10-311] analyzing module RAM256X1S_HD395
INFO: [VRFC 10-311] analyzing module RAM256X1S_HD396
INFO: [VRFC 10-311] analyzing module RAM256X1S_HD397
INFO: [VRFC 10-311] analyzing module RAM256X1S_HD398
INFO: [VRFC 10-311] analyzing module RAM256X1S_HD399
INFO: [VRFC 10-311] analyzing module RAM256X1S_HD400
INFO: [VRFC 10-311] analyzing module RAM256X1S_HD401
INFO: [VRFC 10-311] analyzing module RAM256X1S_HD402
INFO: [VRFC 10-311] analyzing module RAM256X1S_HD403
INFO: [VRFC 10-311] analyzing module RAM256X1S_HD404
INFO: [VRFC 10-311] analyzing module RAM256X1S_HD413
INFO: [VRFC 10-311] analyzing module RAM256X1S_HD414
INFO: [VRFC 10-311] analyzing module RAM256X1S_HD415
INFO: [VRFC 10-311] analyzing module RAM256X1S_HD416
INFO: [VRFC 10-311] analyzing module RAM256X1S_HD417
INFO: [VRFC 10-311] analyzing module RAM256X1S_HD418
INFO: [VRFC 10-311] analyzing module RAM256X1S_HD419
INFO: [VRFC 10-311] analyzing module RAM256X1S_HD420
INFO: [VRFC 10-311] analyzing module RAM256X1S_HD421
INFO: [VRFC 10-311] analyzing module RAM256X1S_HD422
INFO: [VRFC 10-311] analyzing module RAM256X1S_HD423
INFO: [VRFC 10-311] analyzing module RAM256X1S_HD424
INFO: [VRFC 10-311] analyzing module RAM256X1S_HD425
INFO: [VRFC 10-311] analyzing module RAM256X1S_HD426
INFO: [VRFC 10-311] analyzing module RAM256X1S_HD427
INFO: [VRFC 10-311] analyzing module RAM256X1S_HD428
INFO: [VRFC 10-311] analyzing module hdr_ip_v1_0
INFO: [VRFC 10-311] analyzing module hdr_sum
INFO: [VRFC 10-311] analyzing module glbl
INFO: [VRFC 10-2263] Analyzing Verilog file "c:/users/yli/desktop/hdr_ip/managed_ip_project/managed_ip_project.tmp/hdr_ip_v1_0_v1_0_project/hdr_ip_v1_0_v1_0_project.srcs/sim_1/new/tb.v" into library xil_defaultlib
INFO: [VRFC 10-311] analyzing module tb
INFO: [VRFC 10-2263] Analyzing Verilog file "c:/users/yli/desktop/hdr_ip/managed_ip_project/managed_ip_project.tmp/hdr_ip_v1_0_v1_0_project/hdr_ip_v1_0_v1_0_project.sim/sim_1/synth/timing/glbl.v" into library xil_defaultlib
INFO: [VRFC 10-311] analyzing module glbl
WARNING: [VRFC 10-1195] overwriting previous definition of module glbl [c:/users/yli/desktop/hdr_ip/managed_ip_project/managed_ip_project.tmp/hdr_ip_v1_0_v1_0_project/hdr_ip_v1_0_v1_0_project.sim/sim_1/synth/timing/glbl.v:6]
