INFO: [VRFC 10-2263] Analyzing Verilog file "c:/users/yli/desktop/hdr_ip/managed_ip_project/managed_ip_project.tmp/hdr_ip_v1_0/hdr_ip_v1_0.sim/sim_1/synth/timing/tb_time_synth.v" into library xil_defaultlib
INFO: [VRFC 10-311] analyzing module RAM128X1S_UNIQ_BASE_
INFO: [VRFC 10-311] analyzing module RAM128X1S_HD1
INFO: [VRFC 10-311] analyzing module RAM128X1S_HD100
INFO: [VRFC 10-311] analyzing module RAM128X1S_HD101
INFO: [VRFC 10-311] analyzing module RAM128X1S_HD102
INFO: [VRFC 10-311] analyzing module RAM128X1S_HD119
INFO: [VRFC 10-311] analyzing module RAM128X1S_HD120
INFO: [VRFC 10-311] analyzing module RAM128X1S_HD121
INFO: [VRFC 10-311] analyzing module RAM128X1S_HD122
INFO: [VRFC 10-311] analyzing module RAM128X1S_HD123
INFO: [VRFC 10-311] analyzing module RAM128X1S_HD124
INFO: [VRFC 10-311] analyzing module RAM128X1S_HD125
INFO: [VRFC 10-311] analyzing module RAM128X1S_HD126
INFO: [VRFC 10-311] analyzing module RAM128X1S_HD143
INFO: [VRFC 10-311] analyzing module RAM128X1S_HD144
INFO: [VRFC 10-311] analyzing module RAM128X1S_HD145
INFO: [VRFC 10-311] analyzing module RAM128X1S_HD146
INFO: [VRFC 10-311] analyzing module RAM128X1S_HD147
INFO: [VRFC 10-311] analyzing module RAM128X1S_HD148
INFO: [VRFC 10-311] analyzing module RAM128X1S_HD149
INFO: [VRFC 10-311] analyzing module RAM128X1S_HD150
INFO: [VRFC 10-311] analyzing module RAM128X1S_HD167
INFO: [VRFC 10-311] analyzing module RAM128X1S_HD168
INFO: [VRFC 10-311] analyzing module RAM128X1S_HD169
INFO: [VRFC 10-311] analyzing module RAM128X1S_HD170
INFO: [VRFC 10-311] analyzing module RAM128X1S_HD171
INFO: [VRFC 10-311] analyzing module RAM128X1S_HD172
INFO: [VRFC 10-311] analyzing module RAM128X1S_HD173
INFO: [VRFC 10-311] analyzing module RAM128X1S_HD174
INFO: [VRFC 10-311] analyzing module RAM128X1S_HD191
INFO: [VRFC 10-311] analyzing module RAM128X1S_HD192
INFO: [VRFC 10-311] analyzing module RAM128X1S_HD193
INFO: [VRFC 10-311] analyzing module RAM128X1S_HD194
INFO: [VRFC 10-311] analyzing module RAM128X1S_HD195
INFO: [VRFC 10-311] analyzing module RAM128X1S_HD196
INFO: [VRFC 10-311] analyzing module RAM128X1S_HD197
INFO: [VRFC 10-311] analyzing module RAM128X1S_HD198
INFO: [VRFC 10-311] analyzing module RAM128X1S_HD2
INFO: [VRFC 10-311] analyzing module RAM128X1S_HD23
INFO: [VRFC 10-311] analyzing module RAM128X1S_HD24
INFO: [VRFC 10-311] analyzing module RAM128X1S_HD25
INFO: [VRFC 10-311] analyzing module RAM128X1S_HD26
INFO: [VRFC 10-311] analyzing module RAM128X1S_HD27
INFO: [VRFC 10-311] analyzing module RAM128X1S_HD28
INFO: [VRFC 10-311] analyzing module RAM128X1S_HD29
INFO: [VRFC 10-311] analyzing module RAM128X1S_HD3
INFO: [VRFC 10-311] analyzing module RAM128X1S_HD30
INFO: [VRFC 10-311] analyzing module RAM128X1S_HD4
INFO: [VRFC 10-311] analyzing module RAM128X1S_HD47
INFO: [VRFC 10-311] analyzing module RAM128X1S_HD48
INFO: [VRFC 10-311] analyzing module RAM128X1S_HD49
INFO: [VRFC 10-311] analyzing module RAM128X1S_HD5
INFO: [VRFC 10-311] analyzing module RAM128X1S_HD50
INFO: [VRFC 10-311] analyzing module RAM128X1S_HD51
INFO: [VRFC 10-311] analyzing module RAM128X1S_HD52
INFO: [VRFC 10-311] analyzing module RAM128X1S_HD53
INFO: [VRFC 10-311] analyzing module RAM128X1S_HD54
INFO: [VRFC 10-311] analyzing module RAM128X1S_HD6
INFO: [VRFC 10-311] analyzing module RAM128X1S_HD7
INFO: [VRFC 10-311] analyzing module RAM128X1S_HD71
INFO: [VRFC 10-311] analyzing module RAM128X1S_HD72
INFO: [VRFC 10-311] analyzing module RAM128X1S_HD73
INFO: [VRFC 10-311] analyzing module RAM128X1S_HD74
INFO: [VRFC 10-311] analyzing module RAM128X1S_HD75
INFO: [VRFC 10-311] analyzing module RAM128X1S_HD76
INFO: [VRFC 10-311] analyzing module RAM128X1S_HD77
INFO: [VRFC 10-311] analyzing module RAM128X1S_HD78
INFO: [VRFC 10-311] analyzing module RAM128X1S_HD95
INFO: [VRFC 10-311] analyzing module RAM128X1S_HD96
INFO: [VRFC 10-311] analyzing module RAM128X1S_HD97
INFO: [VRFC 10-311] analyzing module RAM128X1S_HD98
INFO: [VRFC 10-311] analyzing module RAM128X1S_HD99
INFO: [VRFC 10-311] analyzing module RAM256X1S_UNIQ_BASE_
INFO: [VRFC 10-311] analyzing module RAM256X1S_HD10
INFO: [VRFC 10-311] analyzing module RAM256X1S_HD103
INFO: [VRFC 10-311] analyzing module RAM256X1S_HD104
INFO: [VRFC 10-311] analyzing module RAM256X1S_HD105
INFO: [VRFC 10-311] analyzing module RAM256X1S_HD106
INFO: [VRFC 10-311] analyzing module RAM256X1S_HD107
INFO: [VRFC 10-311] analyzing module RAM256X1S_HD108
INFO: [VRFC 10-311] analyzing module RAM256X1S_HD109
INFO: [VRFC 10-311] analyzing module RAM256X1S_HD11
INFO: [VRFC 10-311] analyzing module RAM256X1S_HD110
INFO: [VRFC 10-311] analyzing module RAM256X1S_HD111
INFO: [VRFC 10-311] analyzing module RAM256X1S_HD112
INFO: [VRFC 10-311] analyzing module RAM256X1S_HD113
INFO: [VRFC 10-311] analyzing module RAM256X1S_HD114
INFO: [VRFC 10-311] analyzing module RAM256X1S_HD115
INFO: [VRFC 10-311] analyzing module RAM256X1S_HD116
INFO: [VRFC 10-311] analyzing module RAM256X1S_HD117
INFO: [VRFC 10-311] analyzing module RAM256X1S_HD118
INFO: [VRFC 10-311] analyzing module RAM256X1S_HD12
INFO: [VRFC 10-311] analyzing module RAM256X1S_HD127
INFO: [VRFC 10-311] analyzing module RAM256X1S_HD128
INFO: [VRFC 10-311] analyzing module RAM256X1S_HD129
INFO: [VRFC 10-311] analyzing module RAM256X1S_HD13
INFO: [VRFC 10-311] analyzing module RAM256X1S_HD130
INFO: [VRFC 10-311] analyzing module RAM256X1S_HD131
INFO: [VRFC 10-311] analyzing module RAM256X1S_HD132
INFO: [VRFC 10-311] analyzing module RAM256X1S_HD133
INFO: [VRFC 10-311] analyzing module RAM256X1S_HD134
INFO: [VRFC 10-311] analyzing module RAM256X1S_HD135
INFO: [VRFC 10-311] analyzing module RAM256X1S_HD136
INFO: [VRFC 10-311] analyzing module RAM256X1S_HD137
INFO: [VRFC 10-311] analyzing module RAM256X1S_HD138
INFO: [VRFC 10-311] analyzing module RAM256X1S_HD139
INFO: [VRFC 10-311] analyzing module RAM256X1S_HD14
INFO: [VRFC 10-311] analyzing module RAM256X1S_HD140
INFO: [VRFC 10-311] analyzing module RAM256X1S_HD141
INFO: [VRFC 10-311] analyzing module RAM256X1S_HD142
INFO: [VRFC 10-311] analyzing module RAM256X1S_HD15
INFO: [VRFC 10-311] analyzing module RAM256X1S_HD151
INFO: [VRFC 10-311] analyzing module RAM256X1S_HD152
INFO: [VRFC 10-311] analyzing module RAM256X1S_HD153
INFO: [VRFC 10-311] analyzing module RAM256X1S_HD154
INFO: [VRFC 10-311] analyzing module RAM256X1S_HD155
INFO: [VRFC 10-311] analyzing module RAM256X1S_HD156
INFO: [VRFC 10-311] analyzing module RAM256X1S_HD157
INFO: [VRFC 10-311] analyzing module RAM256X1S_HD158
INFO: [VRFC 10-311] analyzing module RAM256X1S_HD159
INFO: [VRFC 10-311] analyzing module RAM256X1S_HD16
INFO: [VRFC 10-311] analyzing module RAM256X1S_HD160
INFO: [VRFC 10-311] analyzing module RAM256X1S_HD161
INFO: [VRFC 10-311] analyzing module RAM256X1S_HD162
INFO: [VRFC 10-311] analyzing module RAM256X1S_HD163
INFO: [VRFC 10-311] analyzing module RAM256X1S_HD164
INFO: [VRFC 10-311] analyzing module RAM256X1S_HD165
INFO: [VRFC 10-311] analyzing module RAM256X1S_HD166
INFO: [VRFC 10-311] analyzing module RAM256X1S_HD17
INFO: [VRFC 10-311] analyzing module RAM256X1S_HD175
INFO: [VRFC 10-311] analyzing module RAM256X1S_HD176
INFO: [VRFC 10-311] analyzing module RAM256X1S_HD177
INFO: [VRFC 10-311] analyzing module RAM256X1S_HD178
INFO: [VRFC 10-311] analyzing module RAM256X1S_HD179
INFO: [VRFC 10-311] analyzing module RAM256X1S_HD18
INFO: [VRFC 10-311] analyzing module RAM256X1S_HD180
INFO: [VRFC 10-311] analyzing module RAM256X1S_HD181
INFO: [VRFC 10-311] analyzing module RAM256X1S_HD182
INFO: [VRFC 10-311] analyzing module RAM256X1S_HD183
INFO: [VRFC 10-311] analyzing module RAM256X1S_HD184
INFO: [VRFC 10-311] analyzing module RAM256X1S_HD185
INFO: [VRFC 10-311] analyzing module RAM256X1S_HD186
INFO: [VRFC 10-311] analyzing module RAM256X1S_HD187
INFO: [VRFC 10-311] analyzing module RAM256X1S_HD188
INFO: [VRFC 10-311] analyzing module RAM256X1S_HD189
INFO: [VRFC 10-311] analyzing module RAM256X1S_HD19
INFO: [VRFC 10-311] analyzing module RAM256X1S_HD190
INFO: [VRFC 10-311] analyzing module RAM256X1S_HD199
INFO: [VRFC 10-311] analyzing module RAM256X1S_HD20
INFO: [VRFC 10-311] analyzing module RAM256X1S_HD200
INFO: [VRFC 10-311] analyzing module RAM256X1S_HD201
INFO: [VRFC 10-311] analyzing module RAM256X1S_HD202
INFO: [VRFC 10-311] analyzing module RAM256X1S_HD203
INFO: [VRFC 10-311] analyzing module RAM256X1S_HD204
INFO: [VRFC 10-311] analyzing module RAM256X1S_HD205
INFO: [VRFC 10-311] analyzing module RAM256X1S_HD206
INFO: [VRFC 10-311] analyzing module RAM256X1S_HD207
INFO: [VRFC 10-311] analyzing module RAM256X1S_HD208
INFO: [VRFC 10-311] analyzing module RAM256X1S_HD209
INFO: [VRFC 10-311] analyzing module RAM256X1S_HD21
INFO: [VRFC 10-311] analyzing module RAM256X1S_HD210
INFO: [VRFC 10-311] analyzing module RAM256X1S_HD211
INFO: [VRFC 10-311] analyzing module RAM256X1S_HD212
INFO: [VRFC 10-311] analyzing module RAM256X1S_HD213
INFO: [VRFC 10-311] analyzing module RAM256X1S_HD214
INFO: [VRFC 10-311] analyzing module RAM256X1S_HD22
INFO: [VRFC 10-311] analyzing module RAM256X1S_HD31
INFO: [VRFC 10-311] analyzing module RAM256X1S_HD32
INFO: [VRFC 10-311] analyzing module RAM256X1S_HD33
INFO: [VRFC 10-311] analyzing module RAM256X1S_HD34
INFO: [VRFC 10-311] analyzing module RAM256X1S_HD35
INFO: [VRFC 10-311] analyzing module RAM256X1S_HD36
INFO: [VRFC 10-311] analyzing module RAM256X1S_HD37
INFO: [VRFC 10-311] analyzing module RAM256X1S_HD38
INFO: [VRFC 10-311] analyzing module RAM256X1S_HD39
INFO: [VRFC 10-311] analyzing module RAM256X1S_HD40
INFO: [VRFC 10-311] analyzing module RAM256X1S_HD41
INFO: [VRFC 10-311] analyzing module RAM256X1S_HD42
INFO: [VRFC 10-311] analyzing module RAM256X1S_HD43
INFO: [VRFC 10-311] analyzing module RAM256X1S_HD44
INFO: [VRFC 10-311] analyzing module RAM256X1S_HD45
INFO: [VRFC 10-311] analyzing module RAM256X1S_HD46
INFO: [VRFC 10-311] analyzing module RAM256X1S_HD55
INFO: [VRFC 10-311] analyzing module RAM256X1S_HD56
INFO: [VRFC 10-311] analyzing module RAM256X1S_HD57
INFO: [VRFC 10-311] analyzing module RAM256X1S_HD58
INFO: [VRFC 10-311] analyzing module RAM256X1S_HD59
INFO: [VRFC 10-311] analyzing module RAM256X1S_HD60
INFO: [VRFC 10-311] analyzing module RAM256X1S_HD61
INFO: [VRFC 10-311] analyzing module RAM256X1S_HD62
INFO: [VRFC 10-311] analyzing module RAM256X1S_HD63
INFO: [VRFC 10-311] analyzing module RAM256X1S_HD64
INFO: [VRFC 10-311] analyzing module RAM256X1S_HD65
INFO: [VRFC 10-311] analyzing module RAM256X1S_HD66
INFO: [VRFC 10-311] analyzing module RAM256X1S_HD67
INFO: [VRFC 10-311] analyzing module RAM256X1S_HD68
INFO: [VRFC 10-311] analyzing module RAM256X1S_HD69
INFO: [VRFC 10-311] analyzing module RAM256X1S_HD70
INFO: [VRFC 10-311] analyzing module RAM256X1S_HD79
INFO: [VRFC 10-311] analyzing module RAM256X1S_HD8
INFO: [VRFC 10-311] analyzing module RAM256X1S_HD80
INFO: [VRFC 10-311] analyzing module RAM256X1S_HD81
INFO: [VRFC 10-311] analyzing module RAM256X1S_HD82
INFO: [VRFC 10-311] analyzing module RAM256X1S_HD83
INFO: [VRFC 10-311] analyzing module RAM256X1S_HD84
INFO: [VRFC 10-311] analyzing module RAM256X1S_HD85
INFO: [VRFC 10-311] analyzing module RAM256X1S_HD86
INFO: [VRFC 10-311] analyzing module RAM256X1S_HD87
INFO: [VRFC 10-311] analyzing module RAM256X1S_HD88
INFO: [VRFC 10-311] analyzing module RAM256X1S_HD89
INFO: [VRFC 10-311] analyzing module RAM256X1S_HD9
INFO: [VRFC 10-311] analyzing module RAM256X1S_HD90
INFO: [VRFC 10-311] analyzing module RAM256X1S_HD91
INFO: [VRFC 10-311] analyzing module RAM256X1S_HD92
INFO: [VRFC 10-311] analyzing module RAM256X1S_HD93
INFO: [VRFC 10-311] analyzing module RAM256X1S_HD94
INFO: [VRFC 10-311] analyzing module hdr_ip_v1_0
INFO: [VRFC 10-311] analyzing module hdr_sum
INFO: [VRFC 10-311] analyzing module glbl
INFO: [VRFC 10-2263] Analyzing Verilog file "c:/users/yli/desktop/hdr_ip/managed_ip_project/managed_ip_project.tmp/hdr_ip_v1_0/hdr_ip_v1_0.srcs/sim_1/new/tb.v" into library xil_defaultlib
INFO: [VRFC 10-311] analyzing module tb
INFO: [VRFC 10-2263] Analyzing Verilog file "c:/users/yli/desktop/hdr_ip/managed_ip_project/managed_ip_project.tmp/hdr_ip_v1_0/hdr_ip_v1_0.sim/sim_1/synth/timing/glbl.v" into library xil_defaultlib
INFO: [VRFC 10-311] analyzing module glbl
WARNING: [VRFC 10-1195] overwriting previous definition of module glbl [c:/users/yli/desktop/hdr_ip/managed_ip_project/managed_ip_project.tmp/hdr_ip_v1_0/hdr_ip_v1_0.sim/sim_1/synth/timing/glbl.v:6]
